<?xml version="1.0" encoding="UTF-8"?>
<!-- Generated by org.testng.reporters.JUnitReportReporter -->
<testsuite ignored="0" hostname="WINDOWS-N0Q5TOC" failures="0" tests="1" name="com.qaforall.learnauto.LoginTestWithChrome" time="27.720" errors="0" timestamp="29 Sep 2024 23:03:27 GMT" skipped="0">
  <testcase classname="com.qaforall.learnauto.LoginTestWithChrome" name="runWithChrome" time="27.720"/>
</testsuite> <!-- com.qaforall.learnauto.LoginTestWithChrome -->
