<?xml version="1.0" encoding="UTF-8"?>
<!-- Generated by org.testng.reporters.JUnitReportReporter -->
<testsuite ignored="0" hostname="WINDOWS-N0Q5TOC" failures="0" tests="4" name="com.qaforall.learnauto.LoginTestsWithParameters" time="41.120" errors="0" timestamp="07 Oct 2024 21:17:46 GMT" skipped="0">
  <testcase classname="com.qaforall.learnauto.LoginTestsWithParameters" name="loginTest" time="10.186"/>
  <testcase classname="com.qaforall.learnauto.LoginTestsWithParameters" name="loginTest" time="10.523"/>
  <testcase classname="com.qaforall.learnauto.LoginTestsWithParameters" name="loginTest" time="10.196"/>
  <testcase classname="com.qaforall.learnauto.LoginTestsWithParameters" name="loginTest" time="10.215"/>
</testsuite> <!-- com.qaforall.learnauto.LoginTestsWithParameters -->
